  Stage.cpp
c:\users\user\desktop\매\2017_computer-graphics\project1\project1\stage.cpp(41): warning C4154: 배열 식을 삭제했습니다. 포인터로 변환이 제공됩니다.
c:\users\user\desktop\매\2017_computer-graphics\project1\project1\stage.cpp(87): warning C4996: 'sprintf': This function or variable may be unsafe. Consider using sprintf_s instead. To disable deprecation, use _CRT_SECURE_NO_WARNINGS. See online help for details.
  c:\program files (x86)\windows kits\10\include\10.0.16299.0\ucrt\stdio.h(1772): note: 'sprintf' 선언을 참조하십시오.
  Planet.cpp
c:\users\user\desktop\매\2017_computer-graphics\project1\project1\planet.cpp(192): warning C4996: 'fopen': This function or variable may be unsafe. Consider using fopen_s instead. To disable deprecation, use _CRT_SECURE_NO_WARNINGS. See online help for details.
  c:\program files (x86)\windows kits\10\include\10.0.16299.0\ucrt\stdio.h(207): note: 'fopen' 선언을 참조하십시오.
  Menu.cpp
c:\users\user\desktop\매\2017_computer-graphics\project1\project1\menu.cpp(57): warning C4996: 'fopen': This function or variable may be unsafe. Consider using fopen_s instead. To disable deprecation, use _CRT_SECURE_NO_WARNINGS. See online help for details.
  c:\program files (x86)\windows kits\10\include\10.0.16299.0\ucrt\stdio.h(207): note: 'fopen' 선언을 참조하십시오.
  Main.cpp
c:\users\user\desktop\매\2017_computer-graphics\project1\project1\main.cpp(35): warning C4326: 'main'의 반환 형식이 'int'이어야 하는데 'void'입니다.
  Cube.cpp
c:\users\user\desktop\매\2017_computer-graphics\project1\project1\cube.cpp(374): warning C4996: 'fopen': This function or variable may be unsafe. Consider using fopen_s instead. To disable deprecation, use _CRT_SECURE_NO_WARNINGS. See online help for details.
  c:\program files (x86)\windows kits\10\include\10.0.16299.0\ucrt\stdio.h(207): note: 'fopen' 선언을 참조하십시오.
  Background.cpp
c:\users\user\desktop\매\2017_computer-graphics\project1\project1\background.cpp(171): warning C4838: 'int'에서 'GLfloat'(으)로의 변환에는 축소 변환이 필요합니다.
c:\users\user\desktop\매\2017_computer-graphics\project1\project1\background.cpp(262): warning C4996: 'fopen': This function or variable may be unsafe. Consider using fopen_s instead. To disable deprecation, use _CRT_SECURE_NO_WARNINGS. See online help for details.
  c:\program files (x86)\windows kits\10\include\10.0.16299.0\ucrt\stdio.h(207): note: 'fopen' 선언을 참조하십시오.
  코드를 생성하고 있습니다...
  Project1.vcxproj -> C:\Users\user\Desktop\매\2017_Computer-Graphics\Project1\Debug\Project1.exe
