  Background.cpp
Background.cpp(169): warning C4838: 'int'에서 'GLfloat'(으)로의 변환에는 축소 변환이 필요합니다.
Background.cpp(260): warning C4996: 'fopen': This function or variable may be unsafe. Consider using fopen_s instead. To disable deprecation, use _CRT_SECURE_NO_WARNINGS. See online help for details.
  C:\Program Files (x86)\Windows Kits\10\Include\10.0.16299.0\ucrt\stdio.h(207): note: 'fopen' 선언을 참조하십시오.
  Cube.cpp
Cube.cpp(635): warning C4996: 'fopen': This function or variable may be unsafe. Consider using fopen_s instead. To disable deprecation, use _CRT_SECURE_NO_WARNINGS. See online help for details.
  C:\Program Files (x86)\Windows Kits\10\Include\10.0.16299.0\ucrt\stdio.h(207): note: 'fopen' 선언을 참조하십시오.
  Main.cpp
Main.cpp(30): warning C4326: 'main'의 반환 형식이 'int'이어야 하는데 'void'입니다.
  Menu.cpp
Menu.cpp(54): warning C4996: 'fopen': This function or variable may be unsafe. Consider using fopen_s instead. To disable deprecation, use _CRT_SECURE_NO_WARNINGS. See online help for details.
  C:\Program Files (x86)\Windows Kits\10\Include\10.0.16299.0\ucrt\stdio.h(207): note: 'fopen' 선언을 참조하십시오.
  Planet.cpp
Planet.cpp(271): warning C4996: 'fopen': This function or variable may be unsafe. Consider using fopen_s instead. To disable deprecation, use _CRT_SECURE_NO_WARNINGS. See online help for details.
  C:\Program Files (x86)\Windows Kits\10\Include\10.0.16299.0\ucrt\stdio.h(207): note: 'fopen' 선언을 참조하십시오.
  Stage.cpp
Stage.cpp(29): warning C4101: 'mciPlay' :참조되지 않은 지역 변수입니다.
Stage.cpp(25): warning C4101: 'm_mciOpenParms' :참조되지 않은 지역 변수입니다.
Stage.cpp(27): warning C4101: 'm_dwDeviceID' :참조되지 않은 지역 변수입니다.
Stage.cpp(107): warning C4154: 배열 식을 삭제했습니다. 포인터로 변환이 제공됩니다.
Stage.cpp(291): warning C4996: 'sprintf': This function or variable may be unsafe. Consider using sprintf_s instead. To disable deprecation, use _CRT_SECURE_NO_WARNINGS. See online help for details.
  C:\Program Files (x86)\Windows Kits\10\Include\10.0.16299.0\ucrt\stdio.h(1772): note: 'sprintf' 선언을 참조하십시오.
Stage.cpp(421): warning C4996: 'fopen': This function or variable may be unsafe. Consider using fopen_s instead. To disable deprecation, use _CRT_SECURE_NO_WARNINGS. See online help for details.
  C:\Program Files (x86)\Windows Kits\10\Include\10.0.16299.0\ucrt\stdio.h(207): note: 'fopen' 선언을 참조하십시오.
  코드를 생성하고 있습니다.
  56 of 72 functions (77.8%) were compiled, the rest were copied from previous compilation.
    20 functions were new in current compilation
    1 functions had inline decision re-evaluated but remain unchanged
  코드를 생성했습니다.
  Project1.vcxproj -> C:\Users\user\Desktop\매\2017_Computer-Graphics\Project1\Release\Project1.exe
